[2011-08-11 17:13:22] request.ERROR: Symfony\Component\HttpKernel\Exception\NotFoundHttpException: No route found for "GET /" (uncaught exception) at C:\xampp\htdocs\Symfony\app\cache\prod\classes.php line 4533 [] []
[2011-08-11 17:18:41] request.INFO: Matched route "AcmeHelloBundle_homepage" (parameters: "_controller": "Acme\HelloBundle\Controller\HelloController::indexAction", "name": "Simon", "_route": "AcmeHelloBundle_homepage") [] []
[2011-08-11 17:18:41] request.CRITICAL: InvalidArgumentException: Unable to find template "AcmeHelloBundle:Hello:index.html.twig". (uncaught exception) at C:\xampp\htdocs\Symfony\vendor\symfony\src\Symfony\Bundle\TwigBundle\TwigEngine.php line 137 [] []
[2011-08-11 17:23:06] request.ERROR: Symfony\Component\HttpKernel\Exception\NotFoundHttpException: No route found for "GET /hello/Simon/Kerr" (uncaught exception) at C:\xampp\htdocs\Symfony\app\cache\prod\classes.php line 4533 [] []
[2011-08-11 17:23:36] request.ERROR: Symfony\Component\HttpKernel\Exception\NotFoundHttpException: No route found for "GET /hello/Simon/Kerr" (uncaught exception) at C:\xampp\htdocs\Symfony\app\cache\prod\classes.php line 4533 [] []
[2011-08-11 17:25:31] request.ERROR: Symfony\Component\HttpKernel\Exception\NotFoundHttpException: No route found for "GET /hello/Simon/Kerr" (uncaught exception) at C:\xampp\htdocs\Symfony\app\cache\prod\classes.php line 4533 [] []
[2011-08-11 17:25:32] request.ERROR: Symfony\Component\HttpKernel\Exception\NotFoundHttpException: No route found for "GET /hello/Simon/Kerr" (uncaught exception) at C:\xampp\htdocs\Symfony\app\cache\prod\classes.php line 4533 [] []
[2011-08-11 17:25:32] request.ERROR: Symfony\Component\HttpKernel\Exception\NotFoundHttpException: No route found for "GET /hello/Simon/Kerr" (uncaught exception) at C:\xampp\htdocs\Symfony\app\cache\prod\classes.php line 4533 [] []
[2011-08-11 17:25:35] request.INFO: Matched route "AcmeHelloBundle_homepage" (parameters: "_controller": "Acme\HelloBundle\Controller\HelloController::indexAction", "name": "Simon", "_route": "AcmeHelloBundle_homepage") [] []
[2011-08-11 17:25:35] request.CRITICAL: RuntimeException: Controller "Acme\HelloBundle\Controller\HelloController::indexAction()" requires that you provide a value for the "$firstname" argument (because there is no default value or because there is a non optional argument after this one). (uncaught exception) at C:\xampp\htdocs\Symfony\app\cache\prod\classes.php line 4090 [] []
[2011-08-11 17:25:39] request.ERROR: Symfony\Component\HttpKernel\Exception\NotFoundHttpException: No route found for "GET /hello/Simon/kerr" (uncaught exception) at C:\xampp\htdocs\Symfony\app\cache\prod\classes.php line 4533 [] []
[2011-08-11 17:26:54] request.ERROR: Symfony\Component\HttpKernel\Exception\NotFoundHttpException: No route found for "GET /hello/Simon/kerr" (uncaught exception) at C:\xampp\htdocs\Symfony\app\cache\prod\classes.php line 4533 [] []
[2011-08-11 17:27:16] request.ERROR: Symfony\Component\HttpKernel\Exception\NotFoundHttpException: No route found for "GET /hello/Simon/kerr" (uncaught exception) at C:\xampp\htdocs\Symfony\app\cache\prod\classes.php line 4533 [] []
[2011-08-11 17:27:16] request.ERROR: Symfony\Component\HttpKernel\Exception\NotFoundHttpException: No route found for "GET /hello/Simon/kerr" (uncaught exception) at C:\xampp\htdocs\Symfony\app\cache\prod\classes.php line 4533 [] []
[2011-08-11 17:27:48] request.ERROR: Symfony\Component\HttpKernel\Exception\NotFoundHttpException: No route found for "GET /hello/Simon/" (uncaught exception) at C:\xampp\htdocs\Symfony\app\cache\prod\classes.php line 4533 [] []
[2011-08-11 17:28:18] request.ERROR: Symfony\Component\HttpKernel\Exception\NotFoundHttpException: No route found for "GET /HelloBundle/hello/Simon/" (uncaught exception) at C:\xampp\htdocs\Symfony\app\cache\prod\classes.php line 4533 [] []
[2011-08-11 17:29:07] request.ERROR: Symfony\Component\HttpKernel\Exception\NotFoundHttpException: No route found for "GET /HelloBundle/hello/Simon/" (uncaught exception) at C:\xampp\htdocs\Symfony\app\cache\prod\classes.php line 4533 [] []
[2011-08-11 17:29:13] request.ERROR: Symfony\Component\HttpKernel\Exception\NotFoundHttpException: No route found for "GET /hello/Simon/" (uncaught exception) at C:\xampp\htdocs\Symfony\app\cache\prod\classes.php line 4533 [] []
[2011-08-11 17:30:57] request.ERROR: Symfony\Component\HttpKernel\Exception\NotFoundHttpException: No route found for "GET /hello/Simon/" (uncaught exception) at C:\xampp\htdocs\Symfony\app\cache\prod\classes.php line 4533 [] []
[2011-08-11 17:31:34] request.ERROR: Symfony\Component\HttpKernel\Exception\NotFoundHttpException: No route found for "GET /hello/Simon/" (uncaught exception) at C:\xampp\htdocs\Symfony\app\cache\prod\classes.php line 4533 [] []
[2011-08-11 17:33:16] request.ERROR: Symfony\Component\HttpKernel\Exception\NotFoundHttpException: No route found for "GET /hello/Simon/" (uncaught exception) at C:\xampp\htdocs\Symfony\app\cache\prod\classes.php line 4533 [] []
[2011-08-11 17:36:38] request.ERROR: Symfony\Component\HttpKernel\Exception\NotFoundHttpException: No route found for "GET /hello/Simon/" (uncaught exception) at C:\xampp\htdocs\Symfony\app\cache\prod\classes.php line 4533 [] []
[2011-08-11 17:36:39] request.ERROR: Symfony\Component\HttpKernel\Exception\NotFoundHttpException: No route found for "GET /hello/Simon/" (uncaught exception) at C:\xampp\htdocs\Symfony\app\cache\prod\classes.php line 4533 [] []
[2011-08-11 17:36:39] request.ERROR: Symfony\Component\HttpKernel\Exception\NotFoundHttpException: No route found for "GET /hello/Simon/" (uncaught exception) at C:\xampp\htdocs\Symfony\app\cache\prod\classes.php line 4533 [] []
[2011-08-11 17:36:39] request.ERROR: Symfony\Component\HttpKernel\Exception\NotFoundHttpException: No route found for "GET /hello/Simon/" (uncaught exception) at C:\xampp\htdocs\Symfony\app\cache\prod\classes.php line 4533 [] []
[2011-08-11 17:36:40] request.ERROR: Symfony\Component\HttpKernel\Exception\NotFoundHttpException: No route found for "GET /hello/Simon/" (uncaught exception) at C:\xampp\htdocs\Symfony\app\cache\prod\classes.php line 4533 [] []
[2011-08-19 17:37:13] request.ERROR: Symfony\Component\HttpKernel\Exception\NotFoundHttpException: No route found for "GET /" (uncaught exception) at C:\xampp\htdocs\Symfony\app\cache\prod\classes.php line 4533 [] []
[2011-08-19 17:37:17] request.ERROR: Symfony\Component\HttpKernel\Exception\NotFoundHttpException: No route found for "GET /index" (uncaught exception) at C:\xampp\htdocs\Symfony\app\cache\prod\classes.php line 4533 [] []
[2011-08-19 17:37:55] request.ERROR: Symfony\Component\HttpKernel\Exception\NotFoundHttpException: No route found for "GET /ISpySi/index" (uncaught exception) at C:\xampp\htdocs\Symfony\app\cache\prod\classes.php line 4533 [] []
[2011-08-19 17:38:00] request.ERROR: Symfony\Component\HttpKernel\Exception\NotFoundHttpException: No route found for "GET /index" (uncaught exception) at C:\xampp\htdocs\Symfony\app\cache\prod\classes.php line 4533 [] []
[2011-08-19 17:38:12] request.ERROR: Symfony\Component\HttpKernel\Exception\NotFoundHttpException: No route found for "GET /" (uncaught exception) at C:\xampp\htdocs\Symfony\app\cache\prod\classes.php line 4533 [] []
[2011-08-22 12:17:26] request.ERROR: Symfony\Component\HttpKernel\Exception\NotFoundHttpException: No route found for "GET /index" (uncaught exception) at C:\xampp\htdocs\Symfony\app\cache\prod\classes.php line 4533 [] []
[2011-08-22 12:17:45] request.ERROR: Symfony\Component\HttpKernel\Exception\NotFoundHttpException: No route found for "GET /ISpySi/index" (uncaught exception) at C:\xampp\htdocs\Symfony\app\cache\prod\classes.php line 4533 [] []
[2011-08-22 12:17:49] request.ERROR: Symfony\Component\HttpKernel\Exception\NotFoundHttpException: No route found for "GET /" (uncaught exception) at C:\xampp\htdocs\Symfony\app\cache\prod\classes.php line 4533 [] []
[2011-08-22 12:18:09] request.ERROR: Symfony\Component\HttpKernel\Exception\NotFoundHttpException: No route found for "GET /index" (uncaught exception) at C:\xampp\htdocs\Symfony\app\cache\prod\classes.php line 4533 [] []
[2011-08-22 12:18:11] request.ERROR: Symfony\Component\HttpKernel\Exception\NotFoundHttpException: No route found for "GET /index" (uncaught exception) at C:\xampp\htdocs\Symfony\app\cache\prod\classes.php line 4533 [] []
[2011-08-22 15:14:06] request.ERROR: Symfony\Component\HttpKernel\Exception\NotFoundHttpException: No route found for "GET /" (uncaught exception) at C:\xampp\htdocs\Symfony\app\cache\prod\classes.php line 4533 [] []
[2011-08-22 15:16:34] request.ERROR: Symfony\Component\HttpKernel\Exception\NotFoundHttpException: No route found for "GET /" (uncaught exception) at C:\xampp\htdocs\Symfony\app\cache\prod\classes.php line 4533 [] []
[2011-08-22 15:17:21] request.ERROR: Symfony\Component\HttpKernel\Exception\NotFoundHttpException: No route found for "GET /index" (uncaught exception) at C:\xampp\htdocs\Symfony\app\cache\prod\classes.php line 4533 [] []
[2011-08-22 15:17:57] request.ERROR: Symfony\Component\HttpKernel\Exception\NotFoundHttpException: No route found for "GET /index" (uncaught exception) at C:\xampp\htdocs\Symfony\app\cache\prod\classes.php line 4533 [] []
[2011-08-22 15:18:14] request.ERROR: Symfony\Component\HttpKernel\Exception\NotFoundHttpException: No route found for "GET /index" (uncaught exception) at C:\xampp\htdocs\Symfony\app\cache\prod\classes.php line 4533 [] []
[2011-08-22 15:21:24] request.ERROR: Symfony\Component\HttpKernel\Exception\NotFoundHttpException: No route found for "GET /" (uncaught exception) at C:\xampp\htdocs\Symfony\app\cache\prod\classes.php line 4533 [] []
[2011-08-22 18:41:28] request.ERROR: Symfony\Component\HttpKernel\Exception\NotFoundHttpException: No route found for "GET /bundles/ISpySi/images/artWork/compressed/newArt.jpg.jpg" (uncaught exception) at C:\xampp\htdocs\Symfony\app\cache\prod\classes.php line 4533 [] []
[2011-08-22 18:41:58] request.ERROR: Symfony\Component\HttpKernel\Exception\NotFoundHttpException: No route found for "GET /bundles/ISpySi/images/artWork/compressed/newArt.jpg.jpg" (uncaught exception) at C:\xampp\htdocs\Symfony\app\cache\prod\classes.php line 4533 [] []
[2011-08-25 10:34:33] request.ERROR: Symfony\Component\HttpKernel\Exception\NotFoundHttpException: No route found for "GET /app_dev/index" (uncaught exception) at C:\xampp\htdocs\Symfony\app\cache\prod\classes.php line 4533 [] []
[2011-08-26 08:57:36] request.ERROR: Symfony\Component\HttpKernel\Exception\NotFoundHttpException: No route found for "GET /bundles/ISpySi/images/artWork/compressed/tammy_sketch.jpg" (uncaught exception) at C:\xampp\htdocs\Symfony\app\cache\prod\classes.php line 4533 [] []
[2011-08-26 08:57:36] request.ERROR: Symfony\Component\HttpKernel\Exception\NotFoundHttpException: No route found for "GET /bundles/ISpySi/images/artWork/compressed/busy_hands.jpg" (uncaught exception) at C:\xampp\htdocs\Symfony\app\cache\prod\classes.php line 4533 [] []
[2011-08-26 08:57:36] request.ERROR: Symfony\Component\HttpKernel\Exception\NotFoundHttpException: No route found for "GET /bundles/ISpySi/images/artWork/compressed/father_asleep.jpg" (uncaught exception) at C:\xampp\htdocs\Symfony\app\cache\prod\classes.php line 4533 [] []
[2011-08-26 08:57:36] request.ERROR: Symfony\Component\HttpKernel\Exception\NotFoundHttpException: No route found for "GET /bundles/ISpySi/images/artWork/compressed/tech_vampire.jpg" (uncaught exception) at C:\xampp\htdocs\Symfony\app\cache\prod\classes.php line 4533 [] []
[2011-08-26 09:38:48] request.ERROR: Symfony\Component\HttpKernel\Exception\NotFoundHttpException: No route found for "GET /bundles/ISpySi/images/artWork/compressed/forest2.jpg" (uncaught exception) at C:\xampp\htdocs\Symfony\app\cache\prod\classes.php line 4533 [] []
[2011-08-26 09:38:48] request.ERROR: Symfony\Component\HttpKernel\Exception\NotFoundHttpException: No route found for "GET /bundles/ISpySi/images/artWork/compressed/fragrant_flower.jpg" (uncaught exception) at C:\xampp\htdocs\Symfony\app\cache\prod\classes.php line 4533 [] []
[2011-08-26 09:38:49] request.ERROR: Symfony\Component\HttpKernel\Exception\NotFoundHttpException: No route found for "GET /bundles/ISpySi/images/artWork/compressed/holiday_life.jpg" (uncaught exception) at C:\xampp\htdocs\Symfony\app\cache\prod\classes.php line 4533 [] []
[2011-08-26 09:38:49] request.ERROR: Symfony\Component\HttpKernel\Exception\NotFoundHttpException: No route found for "GET /bundles/ISpySi/images/artWork/compressed/local_church.jpg" (uncaught exception) at C:\xampp\htdocs\Symfony\app\cache\prod\classes.php line 4533 [] []
[2011-08-26 09:42:06] request.ERROR: Symfony\Component\HttpKernel\Exception\NotFoundHttpException: No route found for "GET /bundles/ISpySi/images/artWork/compressed/paris.jpg" (uncaught exception) at C:\xampp\htdocs\Symfony\app\cache\prod\classes.php line 4533 [] []
[2011-08-26 09:42:06] request.ERROR: Symfony\Component\HttpKernel\Exception\NotFoundHttpException: No route found for "GET /bundles/ISpySi/images/artWork/compressed/peak_district.jpg" (uncaught exception) at C:\xampp\htdocs\Symfony\app\cache\prod\classes.php line 4533 [] []
[2011-08-26 09:42:06] request.ERROR: Symfony\Component\HttpKernel\Exception\NotFoundHttpException: No route found for "GET /bundles/ISpySi/images/artWork/compressed/Forest3.jpg" (uncaught exception) at C:\xampp\htdocs\Symfony\app\cache\prod\classes.php line 4533 [] []
[2011-08-26 09:42:07] request.ERROR: Symfony\Component\HttpKernel\Exception\NotFoundHttpException: No route found for "GET /bundles/ISpySi/images/artWork/compressed/walesAcrylic.jpg" (uncaught exception) at C:\xampp\htdocs\Symfony\app\cache\prod\classes.php line 4533 [] []
[2011-08-26 09:50:32] request.ERROR: Symfony\Component\HttpKernel\Exception\NotFoundHttpException: No route found for "GET /bundles/ISpySi/images/artWork/compressed/convict1.jpg" (uncaught exception) at C:\xampp\htdocs\Symfony\app\cache\prod\classes.php line 4533 [] []
